<?xml version="1.0" encoding="UTF-8"?>
<!-- Generated by org.testng.reporters.JUnitXMLReporter -->
<testsuite ignored="0" hostname="STIPL-SMBL0268" failures="2" tests="2" name="Login" time="15.851" errors="0" timestamp="2024-12-08T21:26:14 IST">
  <testcase classname="SeleniumFrameWorkDesgin.Testrun.LoginTest" name="loginPageInvalidCred" time="1.251">
    <failure type="java.lang.AssertionError" message="expected [Incorrect email or password-Test.] but found [Incorrect email or password.]">
      <![CDATA[java.lang.AssertionError: expected [Incorrect email or password-Test.] but found [Incorrect email or password.]
at SeleniumFrameWorkDesgin.Testrun.LoginTest.loginPageInvalidCred(LoginTest.java:26)
at java.base/java.util.ArrayList.forEach(ArrayList.java:1597)
... Removed 31 stack frames]]>
    </failure>
  </testcase> <!-- loginPageInvalidCred -->
  <testcase classname="SeleniumFrameWorkDesgin.Testrun.LoginTest" name="loginPageInvalidCred" time="15.805">
    <failure type="java.lang.NullPointerException" message="Cannot invoke &amp;quot;org.openqa.selenium.TakesScreenshot.getScreenshotAs(org.openqa.selenium.OutputType)&amp;quot; because &amp;quot;ts&amp;quot; is null">
      <![CDATA[java.lang.NullPointerException: Cannot invoke "org.openqa.selenium.TakesScreenshot.getScreenshotAs(org.openqa.selenium.OutputType)" because "ts" is null
at SeleniumFrameWorkDesgin.testcomponet.baseTest.getScrenshot(baseTest.java:101)
at SeleniumFrameWorkDesgin.testcomponet.Listeners.onTestFailure(Listeners.java:42)
at java.base/java.util.ArrayList.forEach(ArrayList.java:1597)
... Removed 24 stack frames]]>
    </failure>
  </testcase> <!-- loginPageInvalidCred -->
</testsuite> <!-- Login -->
