<?xml version="1.0" encoding="UTF-8"?>
<!-- Generated by org.testng.reporters.JUnitXMLReporter -->
<testsuite ignored="0" hostname="STIPL-SMBL0268" failures="4" tests="5" name="Test" time="60.951" errors="0" timestamp="2024-12-13T20:53:16 IST">
  <testcase classname="SeleniumFrameWorkDesgin.Testrun.LoginTest" name="loginPageInvalidCred" time="0.776">
    <failure type="java.lang.AssertionError" message="expected [Incorrect email or password-Test.] but found [Incorrect email or password.]">
      <![CDATA[java.lang.AssertionError: expected [Incorrect email or password-Test.] but found [Incorrect email or password.]
at SeleniumFrameWorkDesgin.Testrun.LoginTest.loginPageInvalidCred(LoginTest.java:26)
at java.base/java.util.ArrayList.forEach(ArrayList.java:1597)
... Removed 31 stack frames]]>
    </failure>
  </testcase> <!-- loginPageInvalidCred -->
  <testcase classname="SeleniumFrameWorkDesgin.Testrun.LoginTest" name="loginPagevalidCred" time="10.389">
    <failure type="org.openqa.selenium.TimeoutException" message="Expected condition failed: waiting for visibility of all elements located by By.cssSelector: .mb-3 (tried for 10 second(s) with 500 milliseconds interval)
Build info: version: &amp;apos;4.26.0&amp;apos;, revision: &amp;apos;8ccf0219d7&amp;apos;
System info: os.name: &amp;apos;Windows 10&amp;apos;, os.arch: &amp;apos;amd64&amp;apos;, os.version: &amp;apos;10.0&amp;apos;, java.version: &amp;apos;22.0.2&amp;apos;
Driver info: org.openqa.selenium.edge.EdgeDriver
Capabilities {acceptInsecureCerts: false, browserName: MicrosoftEdge, browserVersion: 131.0.2903.86, fedcm:accounts: true, ms:edgeOptions: {debuggerAddress: localhost:51463}, msedge: {msedgedriverVersion: 131.0.2903.86 (cf5bf303997c..., userDataDir: C:\Users\vaibhava\AppData\L...}, networkConnectionEnabled: false, pageLoadStrategy: normal, platformName: windows, proxy: Proxy(), se:cdp: ws://localhost:51463/devtoo..., se:cdpVersion: 131.0.2903.86, setWindowRect: true, strictFileInteractability: false, timeouts: {implicit: 0, pageLoad: 300000, script: 30000}, unhandledPromptBehavior: dismiss and notify, webauthn:extension:credBlob: true, webauthn:extension:largeBlob: true, webauthn:extension:minPinLength: true, webauthn:extension:prf: true, webauthn:virtualAuthenticators: true}
Session ID: 966fa7ad782f389e22aef5017d475bf3">
      <![CDATA[org.openqa.selenium.TimeoutException: Expected condition failed: waiting for visibility of all elements located by By.cssSelector: .mb-3 (tried for 10 second(s) with 500 milliseconds interval)
Build info: version: '4.26.0', revision: '8ccf0219d7'
System info: os.name: 'Windows 10', os.arch: 'amd64', os.version: '10.0', java.version: '22.0.2'
Driver info: org.openqa.selenium.edge.EdgeDriver
Capabilities {acceptInsecureCerts: false, browserName: MicrosoftEdge, browserVersion: 131.0.2903.86, fedcm:accounts: true, ms:edgeOptions: {debuggerAddress: localhost:51463}, msedge: {msedgedriverVersion: 131.0.2903.86 (cf5bf303997c..., userDataDir: C:\Users\vaibhava\AppData\L...}, networkConnectionEnabled: false, pageLoadStrategy: normal, platformName: windows, proxy: Proxy(), se:cdp: ws://localhost:51463/devtoo..., se:cdpVersion: 131.0.2903.86, setWindowRect: true, strictFileInteractability: false, timeouts: {implicit: 0, pageLoad: 300000, script: 30000}, unhandledPromptBehavior: dismiss and notify, webauthn:extension:credBlob: true, webauthn:extension:largeBlob: true, webauthn:extension:minPinLength: true, webauthn:extension:prf: true, webauthn:virtualAuthenticators: true}
Session ID: 966fa7ad782f389e22aef5017d475bf3
at org.openqa.selenium.support.ui.WebDriverWait.timeoutException(WebDriverWait.java:84)
at org.openqa.selenium.support.ui.FluentWait.until(FluentWait.java:228)
at DesignFrameWork.SeleniumFrameWorkDesgin.AbstractCompenet.waitforElementToApper(AbstractCompenet.java:57)
at DesignFrameWork.SeleniumFrameWorkDesgin.productCatloag.getProductList(productCatloag.java:45)
at SeleniumFrameWorkDesgin.Testrun.LoginTest.loginPagevalidCred(LoginTest.java:38)
at java.base/java.util.ArrayList.forEach(ArrayList.java:1597)
... Removed 25 stack frames]]>
    </failure>
  </testcase> <!-- loginPagevalidCred -->
  <testcase classname="SeleniumFrameWorkDesgin.Testrun.EndtoEnd" name="sumbitOrder" time="4.709">
    <failure type="org.openqa.selenium.ElementClickInterceptedException" message="element click intercepted: Element &amp;lt;button _ngcontent-isv-c33=&amp;quot;&amp;quot; routerlink=&amp;quot;/dashboard/cart&amp;quot; class=&amp;quot;btn btn-custom&amp;quot; style=&amp;quot;margin-top: -10px;&amp;quot; tabindex=&amp;quot;0&amp;quot;&amp;gt;...&amp;lt;/button&amp;gt; is not clickable at point (1104, 27). Other element would receive the click: &amp;lt;div _ngcontent-isv-c31=&amp;quot;&amp;quot; class=&amp;quot;ngx-spinner-overlay ng-tns-c31-1 ng-trigger ng-trigger-fadeIn ng-star-inserted ng-animating&amp;quot; style=&amp;quot;background-color: rgba(51, 51, 51, 0.8); z-index: 99999; position: fixed;&amp;quot;&amp;gt;...&amp;lt;/div&amp;gt;
  (Session info: MicrosoftEdge=131.0.2903.86)
Build info: version: &amp;apos;4.26.0&amp;apos;, revision: &amp;apos;8ccf0219d7&amp;apos;
System info: os.name: &amp;apos;Windows 10&amp;apos;, os.arch: &amp;apos;amd64&amp;apos;, os.version: &amp;apos;10.0&amp;apos;, java.version: &amp;apos;22.0.2&amp;apos;
Driver info: org.openqa.selenium.edge.EdgeDriver
Command: [572e3e174987bdcc126c514194194793, clickElement {id=f.130C3BDF7445E75E559567696B608E6C.d.5B9D828D8D30818510CF49E002C8E65C.e.75}]
Capabilities {acceptInsecureCerts: false, browserName: MicrosoftEdge, browserVersion: 131.0.2903.86, fedcm:accounts: true, ms:edgeOptions: {debuggerAddress: localhost:51529}, msedge: {msedgedriverVersion: 131.0.2903.86 (cf5bf303997c..., userDataDir: C:\Users\vaibhava\AppData\L...}, networkConnectionEnabled: false, pageLoadStrategy: normal, platformName: windows, proxy: Proxy(), se:cdp: ws://localhost:51529/devtoo..., se:cdpVersion: 131.0.2903.86, setWindowRect: true, strictFileInteractability: false, timeouts: {implicit: 0, pageLoad: 300000, script: 30000}, unhandledPromptBehavior: dismiss and notify, webauthn:extension:credBlob: true, webauthn:extension:largeBlob: true, webauthn:extension:minPinLength: true, webauthn:extension:prf: true, webauthn:virtualAuthenticators: true}
Element: [[EdgeDriver: MicrosoftEdge on windows (572e3e174987bdcc126c514194194793)] -&amp;gt; css selector: button[routerlink=&amp;quot;/dashboard/cart&amp;quot;]]
Session ID: 572e3e174987bdcc126c514194194793">
      <![CDATA[org.openqa.selenium.ElementClickInterceptedException: element click intercepted: Element <button _ngcontent-isv-c33="" routerlink="/dashboard/cart" class="btn btn-custom" style="margin-top: -10px;" tabindex="0">...</button> is not clickable at point (1104, 27). Other element would receive the click: <div _ngcontent-isv-c31="" class="ngx-spinner-overlay ng-tns-c31-1 ng-trigger ng-trigger-fadeIn ng-star-inserted ng-animating" style="background-color: rgba(51, 51, 51, 0.8); z-index: 99999; position: fixed;">...</div>
  (Session info: MicrosoftEdge=131.0.2903.86)
Build info: version: '4.26.0', revision: '8ccf0219d7'
System info: os.name: 'Windows 10', os.arch: 'amd64', os.version: '10.0', java.version: '22.0.2'
Driver info: org.openqa.selenium.edge.EdgeDriver
Command: [572e3e174987bdcc126c514194194793, clickElement {id=f.130C3BDF7445E75E559567696B608E6C.d.5B9D828D8D30818510CF49E002C8E65C.e.75}]
Capabilities {acceptInsecureCerts: false, browserName: MicrosoftEdge, browserVersion: 131.0.2903.86, fedcm:accounts: true, ms:edgeOptions: {debuggerAddress: localhost:51529}, msedge: {msedgedriverVersion: 131.0.2903.86 (cf5bf303997c..., userDataDir: C:\Users\vaibhava\AppData\L...}, networkConnectionEnabled: false, pageLoadStrategy: normal, platformName: windows, proxy: Proxy(), se:cdp: ws://localhost:51529/devtoo..., se:cdpVersion: 131.0.2903.86, setWindowRect: true, strictFileInteractability: false, timeouts: {implicit: 0, pageLoad: 300000, script: 30000}, unhandledPromptBehavior: dismiss and notify, webauthn:extension:credBlob: true, webauthn:extension:largeBlob: true, webauthn:extension:minPinLength: true, webauthn:extension:prf: true, webauthn:virtualAuthenticators: true}
Element: [[EdgeDriver: MicrosoftEdge on windows (572e3e174987bdcc126c514194194793)] -> css selector: button[routerlink="/dashboard/cart"]]
Session ID: 572e3e174987bdcc126c514194194793
at org.openqa.selenium.remote.ErrorCodec.decode(ErrorCodec.java:167)
at org.openqa.selenium.remote.codec.w3c.W3CHttpResponseCodec.decode(W3CHttpResponseCodec.java:138)
at org.openqa.selenium.remote.codec.w3c.W3CHttpResponseCodec.decode(W3CHttpResponseCodec.java:50)
at org.openqa.selenium.remote.HttpCommandExecutor.execute(HttpCommandExecutor.java:190)
at org.openqa.selenium.remote.service.DriverCommandExecutor.invokeExecute(DriverCommandExecutor.java:216)
at org.openqa.selenium.remote.service.DriverCommandExecutor.execute(DriverCommandExecutor.java:174)
at org.openqa.selenium.remote.RemoteWebDriver.execute(RemoteWebDriver.java:545)
at org.openqa.selenium.remote.RemoteWebElement.execute(RemoteWebElement.java:223)
at org.openqa.selenium.remote.RemoteWebElement.click(RemoteWebElement.java:76)
at org.openqa.selenium.support.pagefactory.internal.LocatingElementHandler.invoke(LocatingElementHandler.java:51)
at jdk.proxy2/jdk.proxy2.$Proxy15.click(Unknown Source)
at DesignFrameWork.SeleniumFrameWorkDesgin.AbstractCompenet.goTocartsection(AbstractCompenet.java:65)
at SeleniumFrameWorkDesgin.Testrun.EndtoEnd.sumbitOrder(EndtoEnd.java:48)
at java.base/java.util.ArrayList.forEach(ArrayList.java:1597)
... Removed 30 stack frames]]>
    </failure>
  </testcase> <!-- sumbitOrder -->
  <testcase classname="SeleniumFrameWorkDesgin.Testrun.submitOrderTest2" name="sumbitOrder" time="2.168">
    <failure type="org.openqa.selenium.ElementClickInterceptedException" message="element click intercepted: Element &amp;lt;button _ngcontent-jog-c33=&amp;quot;&amp;quot; routerlink=&amp;quot;/dashboard/cart&amp;quot; class=&amp;quot;btn btn-custom&amp;quot; style=&amp;quot;margin-top: -10px;&amp;quot; tabindex=&amp;quot;0&amp;quot;&amp;gt;...&amp;lt;/button&amp;gt; is not clickable at point (1108, 27). Other element would receive the click: &amp;lt;div _ngcontent-jog-c31=&amp;quot;&amp;quot; class=&amp;quot;ngx-spinner-overlay ng-tns-c31-1 ng-trigger ng-trigger-fadeIn ng-star-inserted ng-animating&amp;quot; style=&amp;quot;background-color: rgba(51, 51, 51, 0.8); z-index: 99999; position: fixed;&amp;quot;&amp;gt;...&amp;lt;/div&amp;gt;
  (Session info: MicrosoftEdge=131.0.2903.86)
Build info: version: &amp;apos;4.26.0&amp;apos;, revision: &amp;apos;8ccf0219d7&amp;apos;
System info: os.name: &amp;apos;Windows 10&amp;apos;, os.arch: &amp;apos;amd64&amp;apos;, os.version: &amp;apos;10.0&amp;apos;, java.version: &amp;apos;22.0.2&amp;apos;
Driver info: org.openqa.selenium.edge.EdgeDriver
Command: [11b1caa10529e8805b8d8121adc89596, clickElement {id=f.3F6181C1E2C59459B8570A2084290816.d.00B3B9642BA853359FD696F73A777AFE.e.85}]
Capabilities {acceptInsecureCerts: false, browserName: MicrosoftEdge, browserVersion: 131.0.2903.86, fedcm:accounts: true, ms:edgeOptions: {debuggerAddress: localhost:51596}, msedge: {msedgedriverVersion: 131.0.2903.86 (cf5bf303997c..., userDataDir: C:\Users\vaibhava\AppData\L...}, networkConnectionEnabled: false, pageLoadStrategy: normal, platformName: windows, proxy: Proxy(), se:cdp: ws://localhost:51596/devtoo..., se:cdpVersion: 131.0.2903.86, setWindowRect: true, strictFileInteractability: false, timeouts: {implicit: 0, pageLoad: 300000, script: 30000}, unhandledPromptBehavior: dismiss and notify, webauthn:extension:credBlob: true, webauthn:extension:largeBlob: true, webauthn:extension:minPinLength: true, webauthn:extension:prf: true, webauthn:virtualAuthenticators: true}
Element: [[EdgeDriver: MicrosoftEdge on windows (11b1caa10529e8805b8d8121adc89596)] -&amp;gt; css selector: button[routerlink=&amp;quot;/dashboard/cart&amp;quot;]]
Session ID: 11b1caa10529e8805b8d8121adc89596">
      <![CDATA[org.openqa.selenium.ElementClickInterceptedException: element click intercepted: Element <button _ngcontent-jog-c33="" routerlink="/dashboard/cart" class="btn btn-custom" style="margin-top: -10px;" tabindex="0">...</button> is not clickable at point (1108, 27). Other element would receive the click: <div _ngcontent-jog-c31="" class="ngx-spinner-overlay ng-tns-c31-1 ng-trigger ng-trigger-fadeIn ng-star-inserted ng-animating" style="background-color: rgba(51, 51, 51, 0.8); z-index: 99999; position: fixed;">...</div>
  (Session info: MicrosoftEdge=131.0.2903.86)
Build info: version: '4.26.0', revision: '8ccf0219d7'
System info: os.name: 'Windows 10', os.arch: 'amd64', os.version: '10.0', java.version: '22.0.2'
Driver info: org.openqa.selenium.edge.EdgeDriver
Command: [11b1caa10529e8805b8d8121adc89596, clickElement {id=f.3F6181C1E2C59459B8570A2084290816.d.00B3B9642BA853359FD696F73A777AFE.e.85}]
Capabilities {acceptInsecureCerts: false, browserName: MicrosoftEdge, browserVersion: 131.0.2903.86, fedcm:accounts: true, ms:edgeOptions: {debuggerAddress: localhost:51596}, msedge: {msedgedriverVersion: 131.0.2903.86 (cf5bf303997c..., userDataDir: C:\Users\vaibhava\AppData\L...}, networkConnectionEnabled: false, pageLoadStrategy: normal, platformName: windows, proxy: Proxy(), se:cdp: ws://localhost:51596/devtoo..., se:cdpVersion: 131.0.2903.86, setWindowRect: true, strictFileInteractability: false, timeouts: {implicit: 0, pageLoad: 300000, script: 30000}, unhandledPromptBehavior: dismiss and notify, webauthn:extension:credBlob: true, webauthn:extension:largeBlob: true, webauthn:extension:minPinLength: true, webauthn:extension:prf: true, webauthn:virtualAuthenticators: true}
Element: [[EdgeDriver: MicrosoftEdge on windows (11b1caa10529e8805b8d8121adc89596)] -> css selector: button[routerlink="/dashboard/cart"]]
Session ID: 11b1caa10529e8805b8d8121adc89596
at org.openqa.selenium.remote.ErrorCodec.decode(ErrorCodec.java:167)
at org.openqa.selenium.remote.codec.w3c.W3CHttpResponseCodec.decode(W3CHttpResponseCodec.java:138)
at org.openqa.selenium.remote.codec.w3c.W3CHttpResponseCodec.decode(W3CHttpResponseCodec.java:50)
at org.openqa.selenium.remote.HttpCommandExecutor.execute(HttpCommandExecutor.java:190)
at org.openqa.selenium.remote.service.DriverCommandExecutor.invokeExecute(DriverCommandExecutor.java:216)
at org.openqa.selenium.remote.service.DriverCommandExecutor.execute(DriverCommandExecutor.java:174)
at org.openqa.selenium.remote.RemoteWebDriver.execute(RemoteWebDriver.java:545)
at org.openqa.selenium.remote.RemoteWebElement.execute(RemoteWebElement.java:223)
at org.openqa.selenium.remote.RemoteWebElement.click(RemoteWebElement.java:76)
at org.openqa.selenium.support.pagefactory.internal.LocatingElementHandler.invoke(LocatingElementHandler.java:51)
at jdk.proxy2/jdk.proxy2.$Proxy15.click(Unknown Source)
at DesignFrameWork.SeleniumFrameWorkDesgin.AbstractCompenet.goTocartsection(AbstractCompenet.java:65)
at SeleniumFrameWorkDesgin.Testrun.submitOrderTest2.sumbitOrder(submitOrderTest2.java:45)
at java.base/java.util.ArrayList.forEach(ArrayList.java:1597)
... Removed 30 stack frames]]>
    </failure>
  </testcase> <!-- sumbitOrder -->
  <testcase classname="SeleniumFrameWorkDesgin.Testrun.submitOrderTest2" name="orderHistory" time="0.0">
    <skipped/>
  </testcase> <!-- orderHistory -->
</testsuite> <!-- Test -->
